{"/Users/mbouanik/node/express-jobly/app.js": {"path":"/Users/mbouanik/node/express-jobly/app.js","statementMap":{"0":{"start":{"line":5,"column":16},"end":{"line":5,"column":34}},"1":{"start":{"line":6,"column":13},"end":{"line":6,"column":28}},"2":{"start":{"line":8,"column":26},"end":{"line":8,"column":51}},"3":{"start":{"line":10,"column":28},"end":{"line":10,"column":56}},"4":{"start":{"line":11,"column":19},"end":{"line":11,"column":43}},"5":{"start":{"line":12,"column":24},"end":{"line":12,"column":53}},"6":{"start":{"line":13,"column":20},"end":{"line":13,"column":45}},"7":{"start":{"line":14,"column":20},"end":{"line":14,"column":44}},"8":{"start":{"line":16,"column":15},"end":{"line":16,"column":32}},"9":{"start":{"line":18,"column":12},"end":{"line":18,"column":21}},"10":{"start":{"line":20,"column":0},"end":{"line":20,"column":16}},"11":{"start":{"line":21,"column":0},"end":{"line":21,"column":24}},"12":{"start":{"line":22,"column":0},"end":{"line":22,"column":24}},"13":{"start":{"line":23,"column":0},"end":{"line":23,"column":25}},"14":{"start":{"line":25,"column":0},"end":{"line":25,"column":29}},"15":{"start":{"line":26,"column":0},"end":{"line":26,"column":39}},"16":{"start":{"line":27,"column":0},"end":{"line":27,"column":31}},"17":{"start":{"line":28,"column":0},"end":{"line":28,"column":30}},"18":{"start":{"line":31,"column":0},"end":{"line":33,"column":3}},"19":{"start":{"line":32,"column":2},"end":{"line":32,"column":35}},"20":{"start":{"line":36,"column":0},"end":{"line":44,"column":3}},"21":{"start":{"line":37,"column":2},"end":{"line":37,"column":64}},"22":{"start":{"line":37,"column":39},"end":{"line":37,"column":64}},"23":{"start":{"line":38,"column":17},"end":{"line":38,"column":34}},"24":{"start":{"line":39,"column":18},"end":{"line":39,"column":29}},"25":{"start":{"line":41,"column":2},"end":{"line":43,"column":5}},"26":{"start":{"line":46,"column":0},"end":{"line":46,"column":21}}},"fnMap":{"0":{"name":"(anonymous_0)","decl":{"start":{"line":31,"column":8},"end":{"line":31,"column":9}},"loc":{"start":{"line":31,"column":34},"end":{"line":33,"column":1}},"line":31},"1":{"name":"(anonymous_1)","decl":{"start":{"line":36,"column":8},"end":{"line":36,"column":9}},"loc":{"start":{"line":36,"column":39},"end":{"line":44,"column":1}},"line":36}},"branchMap":{"0":{"loc":{"start":{"line":37,"column":2},"end":{"line":37,"column":64}},"type":"if","locations":[{"start":{"line":37,"column":2},"end":{"line":37,"column":64}},{"start":{},"end":{}}],"line":37},"1":{"loc":{"start":{"line":38,"column":17},"end":{"line":38,"column":34}},"type":"binary-expr","locations":[{"start":{"line":38,"column":17},"end":{"line":38,"column":27}},{"start":{"line":38,"column":31},"end":{"line":38,"column":34}}],"line":38}},"s":{"0":5,"1":5,"2":5,"3":5,"4":5,"5":5,"6":5,"7":5,"8":5,"9":5,"10":5,"11":5,"12":5,"13":5,"14":5,"15":5,"16":5,"17":5,"18":5,"19":2,"20":5,"21":42,"22":1,"23":42,"24":42,"25":42,"26":5},"f":{"0":2,"1":42},"b":{"0":[1,41],"1":[42,1]},"_coverageSchema":"1a1c01bbd47fc00a2c39e90264f33305004495a9","hash":"d89d3c91d81b2587807b94ead10a530fe4775179"}
,"/Users/mbouanik/node/express-jobly/config.js": {"path":"/Users/mbouanik/node/express-jobly/config.js","statementMap":{"0":{"start":{"line":5,"column":0},"end":{"line":5,"column":27}},"1":{"start":{"line":6,"column":0},"end":{"line":6,"column":18}},"2":{"start":{"line":8,"column":19},"end":{"line":8,"column":57}},"3":{"start":{"line":10,"column":13},"end":{"line":10,"column":38}},"4":{"start":{"line":14,"column":2},"end":{"line":16,"column":58}},"5":{"start":{"line":22,"column":27},"end":{"line":22,"column":67}},"6":{"start":{"line":24,"column":0},"end":{"line":24,"column":35}},"7":{"start":{"line":25,"column":0},"end":{"line":25,"column":46}},"8":{"start":{"line":26,"column":0},"end":{"line":26,"column":45}},"9":{"start":{"line":27,"column":0},"end":{"line":27,"column":61}},"10":{"start":{"line":28,"column":0},"end":{"line":28,"column":50}},"11":{"start":{"line":29,"column":0},"end":{"line":29,"column":19}},"12":{"start":{"line":31,"column":0},"end":{"line":36,"column":2}}},"fnMap":{"0":{"name":"getDatabaseUri","decl":{"start":{"line":13,"column":9},"end":{"line":13,"column":23}},"loc":{"start":{"line":13,"column":26},"end":{"line":17,"column":1}},"line":13}},"branchMap":{"0":{"loc":{"start":{"line":8,"column":19},"end":{"line":8,"column":57}},"type":"binary-expr","locations":[{"start":{"line":8,"column":19},"end":{"line":8,"column":41}},{"start":{"line":8,"column":45},"end":{"line":8,"column":57}}],"line":8},"1":{"loc":{"start":{"line":10,"column":13},"end":{"line":10,"column":38}},"type":"binary-expr","locations":[{"start":{"line":10,"column":13},"end":{"line":10,"column":30}},{"start":{"line":10,"column":34},"end":{"line":10,"column":38}}],"line":10},"2":{"loc":{"start":{"line":14,"column":9},"end":{"line":16,"column":57}},"type":"cond-expr","locations":[{"start":{"line":15,"column":8},"end":{"line":15,"column":34}},{"start":{"line":16,"column":8},"end":{"line":16,"column":57}}],"line":14},"3":{"loc":{"start":{"line":16,"column":8},"end":{"line":16,"column":57}},"type":"binary-expr","locations":[{"start":{"line":16,"column":8},"end":{"line":16,"column":32}},{"start":{"line":16,"column":36},"end":{"line":16,"column":57}}],"line":16},"4":{"loc":{"start":{"line":22,"column":27},"end":{"line":22,"column":67}},"type":"cond-expr","locations":[{"start":{"line":22,"column":61},"end":{"line":22,"column":62}},{"start":{"line":22,"column":65},"end":{"line":22,"column":67}}],"line":22}},"s":{"0":11,"1":11,"2":11,"3":11,"4":22,"5":11,"6":11,"7":11,"8":11,"9":11,"10":11,"11":11,"12":11},"f":{"0":22},"b":{"0":[11,10],"1":[11,10],"2":[19,3],"3":[3,1],"4":[10,1]},"_coverageSchema":"1a1c01bbd47fc00a2c39e90264f33305004495a9","hash":"34c7ba579d994f7d3ad241d39c43b00b4a49396d"}
,"/Users/mbouanik/node/express-jobly/db.js": {"path":"/Users/mbouanik/node/express-jobly/db.js","statementMap":{"0":{"start":{"line":3,"column":19},"end":{"line":3,"column":32}},"1":{"start":{"line":4,"column":27},"end":{"line":4,"column":46}},"2":{"start":{"line":8,"column":0},"end":{"line":19,"column":1}},"3":{"start":{"line":9,"column":2},"end":{"line":14,"column":5}},"4":{"start":{"line":16,"column":2},"end":{"line":18,"column":5}},"5":{"start":{"line":21,"column":0},"end":{"line":21,"column":13}},"6":{"start":{"line":23,"column":0},"end":{"line":23,"column":20}}},"fnMap":{},"branchMap":{"0":{"loc":{"start":{"line":8,"column":0},"end":{"line":19,"column":1}},"type":"if","locations":[{"start":{"line":8,"column":0},"end":{"line":19,"column":1}},{"start":{"line":15,"column":7},"end":{"line":19,"column":1}}],"line":8}},"s":{"0":8,"1":8,"2":8,"3":0,"4":8,"5":8,"6":8},"f":{},"b":{"0":[0,8]},"_coverageSchema":"1a1c01bbd47fc00a2c39e90264f33305004495a9","hash":"bad4b84ce0f681139b09124dc89581f21e6876e6"}
,"/Users/mbouanik/node/express-jobly/expressError.js": {"path":"/Users/mbouanik/node/express-jobly/expressError.js","statementMap":{"0":{"start":{"line":9,"column":4},"end":{"line":9,"column":12}},"1":{"start":{"line":10,"column":4},"end":{"line":10,"column":27}},"2":{"start":{"line":11,"column":4},"end":{"line":11,"column":25}},"3":{"start":{"line":19,"column":4},"end":{"line":19,"column":24}},"4":{"start":{"line":27,"column":4},"end":{"line":27,"column":24}},"5":{"start":{"line":35,"column":4},"end":{"line":35,"column":24}},"6":{"start":{"line":43,"column":4},"end":{"line":43,"column":24}},"7":{"start":{"line":47,"column":0},"end":{"line":53,"column":2}}},"fnMap":{"0":{"name":"(anonymous_0)","decl":{"start":{"line":8,"column":2},"end":{"line":8,"column":3}},"loc":{"start":{"line":8,"column":31},"end":{"line":12,"column":3}},"line":8},"1":{"name":"(anonymous_1)","decl":{"start":{"line":18,"column":2},"end":{"line":18,"column":3}},"loc":{"start":{"line":18,"column":37},"end":{"line":20,"column":3}},"line":18},"2":{"name":"(anonymous_2)","decl":{"start":{"line":26,"column":2},"end":{"line":26,"column":3}},"loc":{"start":{"line":26,"column":40},"end":{"line":28,"column":3}},"line":26},"3":{"name":"(anonymous_3)","decl":{"start":{"line":34,"column":2},"end":{"line":34,"column":3}},"loc":{"start":{"line":34,"column":39},"end":{"line":36,"column":3}},"line":34},"4":{"name":"(anonymous_4)","decl":{"start":{"line":42,"column":2},"end":{"line":42,"column":3}},"loc":{"start":{"line":42,"column":39},"end":{"line":44,"column":3}},"line":42}},"branchMap":{"0":{"loc":{"start":{"line":18,"column":14},"end":{"line":18,"column":35}},"type":"default-arg","locations":[{"start":{"line":18,"column":24},"end":{"line":18,"column":35}}],"line":18},"1":{"loc":{"start":{"line":26,"column":14},"end":{"line":26,"column":38}},"type":"default-arg","locations":[{"start":{"line":26,"column":24},"end":{"line":26,"column":38}}],"line":26},"2":{"loc":{"start":{"line":34,"column":14},"end":{"line":34,"column":37}},"type":"default-arg","locations":[{"start":{"line":34,"column":24},"end":{"line":34,"column":37}}],"line":34},"3":{"loc":{"start":{"line":42,"column":14},"end":{"line":42,"column":37}},"type":"default-arg","locations":[{"start":{"line":42,"column":24},"end":{"line":42,"column":37}}],"line":42}},"s":{"0":54,"1":54,"2":54,"3":11,"4":27,"5":15,"6":0,"7":10},"f":{"0":54,"1":11,"2":27,"3":15,"4":0},"b":{"0":[2],"1":[23],"2":[0],"3":[0]},"_coverageSchema":"1a1c01bbd47fc00a2c39e90264f33305004495a9","hash":"42cd5e6efae52c04f22629ed1a13d05da5f7a661"}
,"/Users/mbouanik/node/express-jobly/helpers/sql.js": {"path":"/Users/mbouanik/node/express-jobly/helpers/sql.js","statementMap":{"0":{"start":{"line":1,"column":28},"end":{"line":1,"column":54}},"1":{"start":{"line":10,"column":15},"end":{"line":10,"column":40}},"2":{"start":{"line":11,"column":2},"end":{"line":11,"column":62}},"3":{"start":{"line":11,"column":25},"end":{"line":11,"column":62}},"4":{"start":{"line":14,"column":15},"end":{"line":16,"column":3}},"5":{"start":{"line":15,"column":22},"end":{"line":15,"column":68}},"6":{"start":{"line":18,"column":2},"end":{"line":21,"column":4}},"7":{"start":{"line":24,"column":0},"end":{"line":24,"column":41}}},"fnMap":{"0":{"name":"sqlForPartialUpdate","decl":{"start":{"line":9,"column":9},"end":{"line":9,"column":28}},"loc":{"start":{"line":9,"column":52},"end":{"line":22,"column":1}},"line":9},"1":{"name":"(anonymous_1)","decl":{"start":{"line":15,"column":4},"end":{"line":15,"column":5}},"loc":{"start":{"line":15,"column":22},"end":{"line":15,"column":68}},"line":15}},"branchMap":{"0":{"loc":{"start":{"line":11,"column":2},"end":{"line":11,"column":62}},"type":"if","locations":[{"start":{"line":11,"column":2},"end":{"line":11,"column":62}},{"start":{},"end":{}}],"line":11},"1":{"loc":{"start":{"line":15,"column":26},"end":{"line":15,"column":53}},"type":"binary-expr","locations":[{"start":{"line":15,"column":26},"end":{"line":15,"column":42}},{"start":{"line":15,"column":46},"end":{"line":15,"column":53}}],"line":15}},"s":{"0":9,"1":18,"2":18,"3":2,"4":16,"5":32,"6":16,"7":9},"f":{"0":18,"1":32},"b":{"0":[2,16],"1":[32,13]},"_coverageSchema":"1a1c01bbd47fc00a2c39e90264f33305004495a9","hash":"942e4b612cba5aa45da583aed6e3a36a69a8e9a3"}
,"/Users/mbouanik/node/express-jobly/helpers/tokens.js": {"path":"/Users/mbouanik/node/express-jobly/helpers/tokens.js","statementMap":{"0":{"start":{"line":1,"column":12},"end":{"line":1,"column":35}},"1":{"start":{"line":2,"column":23},"end":{"line":2,"column":43}},"2":{"start":{"line":7,"column":2},"end":{"line":8,"column":58}},"3":{"start":{"line":10,"column":16},"end":{"line":13,"column":3}},"4":{"start":{"line":15,"column":2},"end":{"line":15,"column":39}},"5":{"start":{"line":18,"column":0},"end":{"line":18,"column":33}}},"fnMap":{"0":{"name":"createToken","decl":{"start":{"line":6,"column":9},"end":{"line":6,"column":20}},"loc":{"start":{"line":6,"column":27},"end":{"line":16,"column":1}},"line":6}},"branchMap":{"0":{"loc":{"start":{"line":12,"column":13},"end":{"line":12,"column":34}},"type":"binary-expr","locations":[{"start":{"line":12,"column":13},"end":{"line":12,"column":25}},{"start":{"line":12,"column":29},"end":{"line":12,"column":34}}],"line":12}},"s":{"0":6,"1":6,"2":15,"3":15,"4":15,"5":6},"f":{"0":15},"b":{"0":[15,9]},"_coverageSchema":"1a1c01bbd47fc00a2c39e90264f33305004495a9","hash":"33699fc942d151aa008946ca663d224533645685"}
,"/Users/mbouanik/node/express-jobly/middleware/auth.js": {"path":"/Users/mbouanik/node/express-jobly/middleware/auth.js","statementMap":{"0":{"start":{"line":5,"column":12},"end":{"line":5,"column":35}},"1":{"start":{"line":6,"column":23},"end":{"line":6,"column":43}},"2":{"start":{"line":7,"column":30},"end":{"line":7,"column":56}},"3":{"start":{"line":18,"column":2},"end":{"line":27,"column":3}},"4":{"start":{"line":19,"column":23},"end":{"line":19,"column":63}},"5":{"start":{"line":20,"column":4},"end":{"line":23,"column":5}},"6":{"start":{"line":21,"column":20},"end":{"line":21,"column":64}},"7":{"start":{"line":22,"column":6},"end":{"line":22,"column":54}},"8":{"start":{"line":24,"column":4},"end":{"line":24,"column":18}},"9":{"start":{"line":26,"column":4},"end":{"line":26,"column":18}},"10":{"start":{"line":36,"column":2},"end":{"line":41,"column":3}},"11":{"start":{"line":37,"column":4},"end":{"line":37,"column":56}},"12":{"start":{"line":37,"column":26},"end":{"line":37,"column":56}},"13":{"start":{"line":38,"column":4},"end":{"line":38,"column":18}},"14":{"start":{"line":40,"column":4},"end":{"line":40,"column":21}},"15":{"start":{"line":50,"column":2},"end":{"line":57,"column":3}},"16":{"start":{"line":51,"column":17},"end":{"line":51,"column":32}},"17":{"start":{"line":52,"column":4},"end":{"line":53,"column":36}},"18":{"start":{"line":53,"column":6},"end":{"line":53,"column":36}},"19":{"start":{"line":54,"column":4},"end":{"line":54,"column":18}},"20":{"start":{"line":56,"column":4},"end":{"line":56,"column":21}},"21":{"start":{"line":66,"column":2},"end":{"line":72,"column":3}},"22":{"start":{"line":67,"column":17},"end":{"line":67,"column":32}},"23":{"start":{"line":68,"column":4},"end":{"line":68,"column":62}},"24":{"start":{"line":68,"column":32},"end":{"line":68,"column":62}},"25":{"start":{"line":69,"column":4},"end":{"line":69,"column":18}},"26":{"start":{"line":71,"column":4},"end":{"line":71,"column":21}},"27":{"start":{"line":75,"column":0},"end":{"line":80,"column":2}}},"fnMap":{"0":{"name":"authenticateJWT","decl":{"start":{"line":17,"column":9},"end":{"line":17,"column":24}},"loc":{"start":{"line":17,"column":41},"end":{"line":28,"column":1}},"line":17},"1":{"name":"ensureLoggedIn","decl":{"start":{"line":35,"column":9},"end":{"line":35,"column":23}},"loc":{"start":{"line":35,"column":40},"end":{"line":42,"column":1}},"line":35},"2":{"name":"ensureCorrectUserOrAdmin","decl":{"start":{"line":49,"column":9},"end":{"line":49,"column":33}},"loc":{"start":{"line":49,"column":50},"end":{"line":58,"column":1}},"line":49},"3":{"name":"ensureAdmin","decl":{"start":{"line":65,"column":9},"end":{"line":65,"column":20}},"loc":{"start":{"line":65,"column":37},"end":{"line":73,"column":1}},"line":65}},"branchMap":{"0":{"loc":{"start":{"line":19,"column":23},"end":{"line":19,"column":63}},"type":"binary-expr","locations":[{"start":{"line":19,"column":23},"end":{"line":19,"column":34}},{"start":{"line":19,"column":38},"end":{"line":19,"column":63}}],"line":19},"1":{"loc":{"start":{"line":20,"column":4},"end":{"line":23,"column":5}},"type":"if","locations":[{"start":{"line":20,"column":4},"end":{"line":23,"column":5}},{"start":{},"end":{}}],"line":20},"2":{"loc":{"start":{"line":37,"column":4},"end":{"line":37,"column":56}},"type":"if","locations":[{"start":{"line":37,"column":4},"end":{"line":37,"column":56}},{"start":{},"end":{}}],"line":37},"3":{"loc":{"start":{"line":52,"column":4},"end":{"line":53,"column":36}},"type":"if","locations":[{"start":{"line":52,"column":4},"end":{"line":53,"column":36}},{"start":{},"end":{}}],"line":52},"4":{"loc":{"start":{"line":52,"column":10},"end":{"line":52,"column":73}},"type":"binary-expr","locations":[{"start":{"line":52,"column":10},"end":{"line":52,"column":14}},{"start":{"line":52,"column":19},"end":{"line":52,"column":31}},{"start":{"line":52,"column":35},"end":{"line":52,"column":72}}],"line":52},"5":{"loc":{"start":{"line":68,"column":4},"end":{"line":68,"column":62}},"type":"if","locations":[{"start":{"line":68,"column":4},"end":{"line":68,"column":62}},{"start":{},"end":{}}],"line":68},"6":{"loc":{"start":{"line":68,"column":8},"end":{"line":68,"column":30}},"type":"binary-expr","locations":[{"start":{"line":68,"column":8},"end":{"line":68,"column":13}},{"start":{"line":68,"column":17},"end":{"line":68,"column":30}}],"line":68}},"s":{"0":6,"1":6,"2":6,"3":73,"4":73,"5":73,"6":41,"7":41,"8":72,"9":1,"10":2,"11":2,"12":1,"13":1,"14":1,"15":13,"16":13,"17":13,"18":6,"19":7,"20":6,"21":32,"22":32,"23":32,"24":16,"25":16,"26":16,"27":6},"f":{"0":73,"1":2,"2":13,"3":32},"b":{"0":[73,72],"1":[41,32],"2":[1,1],"3":[6,7],"4":[13,10,8],"5":[16,16],"6":[32,28]},"_coverageSchema":"1a1c01bbd47fc00a2c39e90264f33305004495a9","hash":"29e82587e7466e1cdfd09b0d510e3f3138a53693"}
,"/Users/mbouanik/node/express-jobly/models/_testCommon.js": {"path":"/Users/mbouanik/node/express-jobly/models/_testCommon.js","statementMap":{"0":{"start":{"line":1,"column":15},"end":{"line":1,"column":32}},"1":{"start":{"line":3,"column":11},"end":{"line":3,"column":30}},"2":{"start":{"line":4,"column":31},"end":{"line":4,"column":51}},"3":{"start":{"line":8,"column":2},"end":{"line":8,"column":42}},"4":{"start":{"line":10,"column":2},"end":{"line":10,"column":38}},"5":{"start":{"line":12,"column":2},"end":{"line":16,"column":55}},"6":{"start":{"line":18,"column":2},"end":{"line":32,"column":4}},"7":{"start":{"line":33,"column":2},"end":{"line":36,"column":3}},"8":{"start":{"line":40,"column":2},"end":{"line":40,"column":26}},"9":{"start":{"line":44,"column":2},"end":{"line":44,"column":29}},"10":{"start":{"line":48,"column":2},"end":{"line":48,"column":17}},"11":{"start":{"line":51,"column":0},"end":{"line":56,"column":2}}},"fnMap":{"0":{"name":"commonBeforeAll","decl":{"start":{"line":6,"column":15},"end":{"line":6,"column":30}},"loc":{"start":{"line":6,"column":33},"end":{"line":37,"column":1}},"line":6},"1":{"name":"commonBeforeEach","decl":{"start":{"line":39,"column":15},"end":{"line":39,"column":31}},"loc":{"start":{"line":39,"column":34},"end":{"line":41,"column":1}},"line":39},"2":{"name":"commonAfterEach","decl":{"start":{"line":43,"column":15},"end":{"line":43,"column":30}},"loc":{"start":{"line":43,"column":33},"end":{"line":45,"column":1}},"line":43},"3":{"name":"commonAfterAll","decl":{"start":{"line":47,"column":15},"end":{"line":47,"column":29}},"loc":{"start":{"line":47,"column":32},"end":{"line":49,"column":1}},"line":47}},"branchMap":{},"s":{"0":3,"1":3,"2":3,"3":3,"4":3,"5":3,"6":3,"7":3,"8":40,"9":40,"10":3,"11":3},"f":{"0":3,"1":40,"2":40,"3":3},"b":{},"_coverageSchema":"1a1c01bbd47fc00a2c39e90264f33305004495a9","hash":"4333d1f5216cccbd1283923088d1b26fa9e3de7b"}
,"/Users/mbouanik/node/express-jobly/models/company.js": {"path":"/Users/mbouanik/node/express-jobly/models/company.js","statementMap":{"0":{"start":{"line":3,"column":11},"end":{"line":3,"column":27}},"1":{"start":{"line":8,"column":4},"end":{"line":8,"column":30}},"2":{"start":{"line":9,"column":32},"end":{"line":9,"column":57}},"3":{"start":{"line":24,"column":27},"end":{"line":29,"column":5}},"4":{"start":{"line":31,"column":4},"end":{"line":32,"column":64}},"5":{"start":{"line":32,"column":6},"end":{"line":32,"column":64}},"6":{"start":{"line":34,"column":19},"end":{"line":40,"column":5}},"7":{"start":{"line":41,"column":20},"end":{"line":41,"column":34}},"8":{"start":{"line":43,"column":4},"end":{"line":43,"column":19}},"9":{"start":{"line":52,"column":25},"end":{"line":60,"column":5}},"10":{"start":{"line":61,"column":4},"end":{"line":61,"column":29}},"11":{"start":{"line":73,"column":23},"end":{"line":82,"column":5}},"12":{"start":{"line":83,"column":19},"end":{"line":88,"column":5}},"13":{"start":{"line":90,"column":20},"end":{"line":90,"column":38}},"14":{"start":{"line":92,"column":4},"end":{"line":92,"column":67}},"15":{"start":{"line":92,"column":18},"end":{"line":92,"column":67}},"16":{"start":{"line":93,"column":4},"end":{"line":93,"column":31}},"17":{"start":{"line":94,"column":4},"end":{"line":94,"column":19}},"18":{"start":{"line":110,"column":32},"end":{"line":113,"column":6}},"19":{"start":{"line":114,"column":25},"end":{"line":114,"column":50}},"20":{"start":{"line":116,"column":21},"end":{"line":123,"column":54}},"21":{"start":{"line":124,"column":19},"end":{"line":124,"column":64}},"22":{"start":{"line":125,"column":20},"end":{"line":125,"column":34}},"23":{"start":{"line":127,"column":4},"end":{"line":127,"column":67}},"24":{"start":{"line":127,"column":18},"end":{"line":127,"column":67}},"25":{"start":{"line":129,"column":4},"end":{"line":129,"column":19}},"26":{"start":{"line":138,"column":19},"end":{"line":144,"column":5}},"27":{"start":{"line":145,"column":20},"end":{"line":145,"column":34}},"28":{"start":{"line":147,"column":4},"end":{"line":147,"column":67}},"29":{"start":{"line":147,"column":18},"end":{"line":147,"column":67}},"30":{"start":{"line":152,"column":28},"end":{"line":152,"column":68}},"31":{"start":{"line":156,"column":17},"end":{"line":156,"column":37}},"32":{"start":{"line":157,"column":4},"end":{"line":166,"column":5}},"33":{"start":{"line":158,"column":6},"end":{"line":165,"column":7}},"34":{"start":{"line":161,"column":8},"end":{"line":164,"column":10}},"35":{"start":{"line":170,"column":23},"end":{"line":180,"column":6}},"36":{"start":{"line":171,"column":6},"end":{"line":179,"column":7}},"37":{"start":{"line":172,"column":8},"end":{"line":178,"column":9}},"38":{"start":{"line":173,"column":10},"end":{"line":173,"column":49}},"39":{"start":{"line":174,"column":15},"end":{"line":178,"column":9}},"40":{"start":{"line":175,"column":10},"end":{"line":175,"column":52}},"41":{"start":{"line":177,"column":10},"end":{"line":177,"column":52}},"42":{"start":{"line":183,"column":19},"end":{"line":183,"column":43}},"43":{"start":{"line":184,"column":19},"end":{"line":186,"column":5}},"44":{"start":{"line":187,"column":4},"end":{"line":187,"column":23}},"45":{"start":{"line":191,"column":0},"end":{"line":191,"column":25}}},"fnMap":{"0":{"name":"(anonymous_0)","decl":{"start":{"line":23,"column":2},"end":{"line":23,"column":3}},"loc":{"start":{"line":23,"column":76},"end":{"line":44,"column":3}},"line":23},"1":{"name":"(anonymous_1)","decl":{"start":{"line":51,"column":2},"end":{"line":51,"column":3}},"loc":{"start":{"line":51,"column":25},"end":{"line":62,"column":3}},"line":51},"2":{"name":"(anonymous_2)","decl":{"start":{"line":72,"column":2},"end":{"line":72,"column":3}},"loc":{"start":{"line":72,"column":27},"end":{"line":95,"column":3}},"line":72},"3":{"name":"(anonymous_3)","decl":{"start":{"line":109,"column":2},"end":{"line":109,"column":3}},"loc":{"start":{"line":109,"column":36},"end":{"line":130,"column":3}},"line":109},"4":{"name":"(anonymous_4)","decl":{"start":{"line":137,"column":2},"end":{"line":137,"column":3}},"loc":{"start":{"line":137,"column":30},"end":{"line":148,"column":3}},"line":137},"5":{"name":"(anonymous_5)","decl":{"start":{"line":150,"column":2},"end":{"line":150,"column":3}},"loc":{"start":{"line":150,"column":38},"end":{"line":188,"column":3}},"line":150},"6":{"name":"(anonymous_6)","decl":{"start":{"line":170,"column":32},"end":{"line":170,"column":33}},"loc":{"start":{"line":170,"column":47},"end":{"line":180,"column":5}},"line":170}},"branchMap":{"0":{"loc":{"start":{"line":31,"column":4},"end":{"line":32,"column":64}},"type":"if","locations":[{"start":{"line":31,"column":4},"end":{"line":32,"column":64}},{"start":{},"end":{}}],"line":31},"1":{"loc":{"start":{"line":92,"column":4},"end":{"line":92,"column":67}},"type":"if","locations":[{"start":{"line":92,"column":4},"end":{"line":92,"column":67}},{"start":{},"end":{}}],"line":92},"2":{"loc":{"start":{"line":127,"column":4},"end":{"line":127,"column":67}},"type":"if","locations":[{"start":{"line":127,"column":4},"end":{"line":127,"column":67}},{"start":{},"end":{}}],"line":127},"3":{"loc":{"start":{"line":147,"column":4},"end":{"line":147,"column":67}},"type":"if","locations":[{"start":{"line":147,"column":4},"end":{"line":147,"column":67}},{"start":{},"end":{}}],"line":147},"4":{"loc":{"start":{"line":157,"column":4},"end":{"line":166,"column":5}},"type":"if","locations":[{"start":{"line":157,"column":4},"end":{"line":166,"column":5}},{"start":{},"end":{}}],"line":157},"5":{"loc":{"start":{"line":157,"column":8},"end":{"line":157,"column":70}},"type":"binary-expr","locations":[{"start":{"line":157,"column":8},"end":{"line":157,"column":37}},{"start":{"line":157,"column":41},"end":{"line":157,"column":70}}],"line":157},"6":{"loc":{"start":{"line":158,"column":6},"end":{"line":165,"column":7}},"type":"if","locations":[{"start":{"line":158,"column":6},"end":{"line":165,"column":7}},{"start":{},"end":{}}],"line":158},"7":{"loc":{"start":{"line":171,"column":6},"end":{"line":179,"column":7}},"type":"if","locations":[{"start":{"line":171,"column":6},"end":{"line":179,"column":7}},{"start":{},"end":{}}],"line":171},"8":{"loc":{"start":{"line":172,"column":8},"end":{"line":178,"column":9}},"type":"if","locations":[{"start":{"line":172,"column":8},"end":{"line":178,"column":9}},{"start":{"line":174,"column":15},"end":{"line":178,"column":9}}],"line":172},"9":{"loc":{"start":{"line":174,"column":15},"end":{"line":178,"column":9}},"type":"if","locations":[{"start":{"line":174,"column":15},"end":{"line":178,"column":9}},{"start":{"line":176,"column":15},"end":{"line":178,"column":9}}],"line":174}},"s":{"0":6,"1":6,"2":6,"3":16,"4":16,"5":1,"6":15,"7":15,"8":15,"9":3,"10":2,"11":5,"12":5,"13":5,"14":5,"15":2,"16":3,"17":3,"18":6,"19":5,"20":5,"21":5,"22":5,"23":5,"24":2,"25":3,"26":4,"27":4,"28":4,"29":2,"30":9,"31":9,"32":9,"33":3,"34":1,"35":8,"36":10,"37":10,"38":2,"39":8,"40":4,"41":4,"42":8,"43":8,"44":8,"45":6},"f":{"0":16,"1":3,"2":5,"3":6,"4":4,"5":9,"6":10},"b":{"0":[1,15],"1":[2,3],"2":[2,3],"3":[2,2],"4":[3,6],"5":[9,5],"6":[1,2],"7":[10,0],"8":[2,8],"9":[4,4]},"_coverageSchema":"1a1c01bbd47fc00a2c39e90264f33305004495a9","hash":"ef5e9df088fbfa47b000a00b8ed6bf70b488b38e"}
,"/Users/mbouanik/node/express-jobly/models/job.js": {"path":"/Users/mbouanik/node/express-jobly/models/job.js","statementMap":{"0":{"start":{"line":3,"column":11},"end":{"line":3,"column":27}},"1":{"start":{"line":8,"column":4},"end":{"line":8,"column":30}},"2":{"start":{"line":9,"column":32},"end":{"line":9,"column":57}},"3":{"start":{"line":23,"column":19},"end":{"line":29,"column":5}},"4":{"start":{"line":30,"column":16},"end":{"line":30,"column":30}},"5":{"start":{"line":32,"column":4},"end":{"line":32,"column":15}},"6":{"start":{"line":41,"column":20},"end":{"line":45,"column":5}},"7":{"start":{"line":46,"column":4},"end":{"line":46,"column":24}},"8":{"start":{"line":58,"column":19},"end":{"line":63,"column":5}},"9":{"start":{"line":65,"column":16},"end":{"line":65,"column":30}},"10":{"start":{"line":67,"column":4},"end":{"line":67,"column":56}},"11":{"start":{"line":67,"column":14},"end":{"line":67,"column":56}},"12":{"start":{"line":69,"column":4},"end":{"line":69,"column":15}},"13":{"start":{"line":85,"column":32},"end":{"line":89,"column":6}},"14":{"start":{"line":90,"column":22},"end":{"line":90,"column":47}},"15":{"start":{"line":92,"column":21},"end":{"line":100,"column":5}},"16":{"start":{"line":101,"column":19},"end":{"line":101,"column":60}},"17":{"start":{"line":102,"column":16},"end":{"line":102,"column":30}},"18":{"start":{"line":104,"column":4},"end":{"line":104,"column":55}},"19":{"start":{"line":104,"column":14},"end":{"line":104,"column":55}},"20":{"start":{"line":106,"column":4},"end":{"line":106,"column":15}},"21":{"start":{"line":115,"column":19},"end":{"line":121,"column":5}},"22":{"start":{"line":122,"column":16},"end":{"line":122,"column":30}},"23":{"start":{"line":124,"column":4},"end":{"line":124,"column":54}},"24":{"start":{"line":124,"column":14},"end":{"line":124,"column":54}},"25":{"start":{"line":129,"column":28},"end":{"line":129,"column":63}},"26":{"start":{"line":132,"column":17},"end":{"line":132,"column":37}},"27":{"start":{"line":136,"column":23},"end":{"line":146,"column":6}},"28":{"start":{"line":137,"column":6},"end":{"line":145,"column":7}},"29":{"start":{"line":138,"column":8},"end":{"line":144,"column":9}},"30":{"start":{"line":139,"column":10},"end":{"line":139,"column":50}},"31":{"start":{"line":140,"column":15},"end":{"line":144,"column":9}},"32":{"start":{"line":141,"column":10},"end":{"line":141,"column":45}},"33":{"start":{"line":142,"column":15},"end":{"line":144,"column":9}},"34":{"start":{"line":143,"column":10},"end":{"line":143,"column":30}},"35":{"start":{"line":149,"column":19},"end":{"line":149,"column":43}},"36":{"start":{"line":150,"column":19},"end":{"line":152,"column":5}},"37":{"start":{"line":153,"column":4},"end":{"line":153,"column":23}},"38":{"start":{"line":157,"column":0},"end":{"line":157,"column":21}}},"fnMap":{"0":{"name":"(anonymous_0)","decl":{"start":{"line":22,"column":2},"end":{"line":22,"column":3}},"loc":{"start":{"line":22,"column":65},"end":{"line":33,"column":3}},"line":22},"1":{"name":"(anonymous_1)","decl":{"start":{"line":40,"column":2},"end":{"line":40,"column":3}},"loc":{"start":{"line":40,"column":25},"end":{"line":47,"column":3}},"line":40},"2":{"name":"(anonymous_2)","decl":{"start":{"line":57,"column":2},"end":{"line":57,"column":3}},"loc":{"start":{"line":57,"column":23},"end":{"line":70,"column":3}},"line":57},"3":{"name":"(anonymous_3)","decl":{"start":{"line":84,"column":2},"end":{"line":84,"column":3}},"loc":{"start":{"line":84,"column":32},"end":{"line":107,"column":3}},"line":84},"4":{"name":"(anonymous_4)","decl":{"start":{"line":114,"column":2},"end":{"line":114,"column":3}},"loc":{"start":{"line":114,"column":26},"end":{"line":125,"column":3}},"line":114},"5":{"name":"(anonymous_5)","decl":{"start":{"line":127,"column":2},"end":{"line":127,"column":3}},"loc":{"start":{"line":127,"column":35},"end":{"line":154,"column":3}},"line":127},"6":{"name":"(anonymous_6)","decl":{"start":{"line":136,"column":32},"end":{"line":136,"column":33}},"loc":{"start":{"line":136,"column":47},"end":{"line":146,"column":5}},"line":136}},"branchMap":{"0":{"loc":{"start":{"line":67,"column":4},"end":{"line":67,"column":56}},"type":"if","locations":[{"start":{"line":67,"column":4},"end":{"line":67,"column":56}},{"start":{},"end":{}}],"line":67},"1":{"loc":{"start":{"line":104,"column":4},"end":{"line":104,"column":55}},"type":"if","locations":[{"start":{"line":104,"column":4},"end":{"line":104,"column":55}},{"start":{},"end":{}}],"line":104},"2":{"loc":{"start":{"line":124,"column":4},"end":{"line":124,"column":54}},"type":"if","locations":[{"start":{"line":124,"column":4},"end":{"line":124,"column":54}},{"start":{},"end":{}}],"line":124},"3":{"loc":{"start":{"line":137,"column":6},"end":{"line":145,"column":7}},"type":"if","locations":[{"start":{"line":137,"column":6},"end":{"line":145,"column":7}},{"start":{},"end":{}}],"line":137},"4":{"loc":{"start":{"line":138,"column":8},"end":{"line":144,"column":9}},"type":"if","locations":[{"start":{"line":138,"column":8},"end":{"line":144,"column":9}},{"start":{"line":140,"column":15},"end":{"line":144,"column":9}}],"line":138},"5":{"loc":{"start":{"line":140,"column":15},"end":{"line":144,"column":9}},"type":"if","locations":[{"start":{"line":140,"column":15},"end":{"line":144,"column":9}},{"start":{"line":142,"column":15},"end":{"line":144,"column":9}}],"line":140},"6":{"loc":{"start":{"line":142,"column":15},"end":{"line":144,"column":9}},"type":"if","locations":[{"start":{"line":142,"column":15},"end":{"line":144,"column":9}},{"start":{},"end":{}}],"line":142}},"s":{"0":6,"1":6,"2":6,"3":14,"4":14,"5":14,"6":2,"7":2,"8":2,"9":2,"10":2,"11":0,"12":2,"13":4,"14":4,"15":4,"16":4,"17":4,"18":4,"19":0,"20":4,"21":2,"22":2,"23":2,"24":0,"25":6,"26":6,"27":6,"28":6,"29":6,"30":2,"31":4,"32":2,"33":2,"34":2,"35":6,"36":6,"37":6,"38":6},"f":{"0":14,"1":2,"2":2,"3":4,"4":2,"5":6,"6":6},"b":{"0":[0,2],"1":[0,4],"2":[0,2],"3":[6,0],"4":[2,4],"5":[2,2],"6":[2,0]},"_coverageSchema":"1a1c01bbd47fc00a2c39e90264f33305004495a9","hash":"008e27d374210575b83edd3c0c39e4bccf45ee23"}
,"/Users/mbouanik/node/express-jobly/models/user.js": {"path":"/Users/mbouanik/node/express-jobly/models/user.js","statementMap":{"0":{"start":{"line":3,"column":11},"end":{"line":3,"column":27}},"1":{"start":{"line":4,"column":15},"end":{"line":4,"column":32}},"2":{"start":{"line":5,"column":32},"end":{"line":5,"column":57}},"3":{"start":{"line":10,"column":4},"end":{"line":10,"column":30}},"4":{"start":{"line":12,"column":31},"end":{"line":12,"column":54}},"5":{"start":{"line":26,"column":19},"end":{"line":36,"column":5}},"6":{"start":{"line":38,"column":17},"end":{"line":38,"column":31}},"7":{"start":{"line":40,"column":4},"end":{"line":47,"column":5}},"8":{"start":{"line":42,"column":22},"end":{"line":42,"column":67}},"9":{"start":{"line":43,"column":6},"end":{"line":46,"column":7}},"10":{"start":{"line":44,"column":8},"end":{"line":44,"column":29}},"11":{"start":{"line":45,"column":8},"end":{"line":45,"column":20}},"12":{"start":{"line":49,"column":4},"end":{"line":49,"column":61}},"13":{"start":{"line":67,"column":27},"end":{"line":72,"column":5}},"14":{"start":{"line":74,"column":4},"end":{"line":76,"column":5}},"15":{"start":{"line":75,"column":6},"end":{"line":75,"column":67}},"16":{"start":{"line":78,"column":27},"end":{"line":78,"column":74}},"17":{"start":{"line":80,"column":19},"end":{"line":91,"column":5}},"18":{"start":{"line":93,"column":17},"end":{"line":93,"column":31}},"19":{"start":{"line":95,"column":4},"end":{"line":95,"column":16}},"20":{"start":{"line":104,"column":19},"end":{"line":112,"column":5}},"21":{"start":{"line":114,"column":4},"end":{"line":114,"column":23}},"22":{"start":{"line":126,"column":20},"end":{"line":135,"column":5}},"23":{"start":{"line":137,"column":17},"end":{"line":137,"column":32}},"24":{"start":{"line":139,"column":4},"end":{"line":139,"column":63}},"25":{"start":{"line":139,"column":15},"end":{"line":139,"column":63}},"26":{"start":{"line":141,"column":4},"end":{"line":141,"column":16}},"27":{"start":{"line":162,"column":4},"end":{"line":164,"column":5}},"28":{"start":{"line":163,"column":6},"end":{"line":163,"column":75}},"29":{"start":{"line":166,"column":32},"end":{"line":170,"column":6}},"30":{"start":{"line":171,"column":27},"end":{"line":171,"column":52}},"31":{"start":{"line":173,"column":21},"end":{"line":180,"column":54}},"32":{"start":{"line":181,"column":19},"end":{"line":181,"column":66}},"33":{"start":{"line":182,"column":17},"end":{"line":182,"column":31}},"34":{"start":{"line":184,"column":4},"end":{"line":184,"column":63}},"35":{"start":{"line":184,"column":15},"end":{"line":184,"column":63}},"36":{"start":{"line":186,"column":4},"end":{"line":186,"column":25}},"37":{"start":{"line":187,"column":4},"end":{"line":187,"column":16}},"38":{"start":{"line":193,"column":17},"end":{"line":199,"column":5}},"39":{"start":{"line":200,"column":17},"end":{"line":200,"column":31}},"40":{"start":{"line":202,"column":4},"end":{"line":202,"column":63}},"41":{"start":{"line":202,"column":15},"end":{"line":202,"column":63}},"42":{"start":{"line":206,"column":0},"end":{"line":206,"column":22}}},"fnMap":{"0":{"name":"(anonymous_0)","decl":{"start":{"line":24,"column":2},"end":{"line":24,"column":3}},"loc":{"start":{"line":24,"column":48},"end":{"line":50,"column":3}},"line":24},"1":{"name":"(anonymous_1)","decl":{"start":{"line":59,"column":2},"end":{"line":59,"column":3}},"loc":{"start":{"line":66,"column":5},"end":{"line":96,"column":3}},"line":66},"2":{"name":"(anonymous_2)","decl":{"start":{"line":103,"column":2},"end":{"line":103,"column":3}},"loc":{"start":{"line":103,"column":25},"end":{"line":115,"column":3}},"line":103},"3":{"name":"(anonymous_3)","decl":{"start":{"line":125,"column":2},"end":{"line":125,"column":3}},"loc":{"start":{"line":125,"column":29},"end":{"line":142,"column":3}},"line":125},"4":{"name":"(anonymous_4)","decl":{"start":{"line":161,"column":2},"end":{"line":161,"column":3}},"loc":{"start":{"line":161,"column":38},"end":{"line":188,"column":3}},"line":161},"5":{"name":"(anonymous_5)","decl":{"start":{"line":192,"column":2},"end":{"line":192,"column":3}},"loc":{"start":{"line":192,"column":32},"end":{"line":203,"column":3}},"line":192}},"branchMap":{"0":{"loc":{"start":{"line":40,"column":4},"end":{"line":47,"column":5}},"type":"if","locations":[{"start":{"line":40,"column":4},"end":{"line":47,"column":5}},{"start":{},"end":{}}],"line":40},"1":{"loc":{"start":{"line":43,"column":6},"end":{"line":46,"column":7}},"type":"if","locations":[{"start":{"line":43,"column":6},"end":{"line":46,"column":7}},{"start":{},"end":{}}],"line":43},"2":{"loc":{"start":{"line":74,"column":4},"end":{"line":76,"column":5}},"type":"if","locations":[{"start":{"line":74,"column":4},"end":{"line":76,"column":5}},{"start":{},"end":{}}],"line":74},"3":{"loc":{"start":{"line":139,"column":4},"end":{"line":139,"column":63}},"type":"if","locations":[{"start":{"line":139,"column":4},"end":{"line":139,"column":63}},{"start":{},"end":{}}],"line":139},"4":{"loc":{"start":{"line":162,"column":4},"end":{"line":164,"column":5}},"type":"if","locations":[{"start":{"line":162,"column":4},"end":{"line":164,"column":5}},{"start":{},"end":{}}],"line":162},"5":{"loc":{"start":{"line":184,"column":4},"end":{"line":184,"column":63}},"type":"if","locations":[{"start":{"line":184,"column":4},"end":{"line":184,"column":63}},{"start":{},"end":{}}],"line":184},"6":{"loc":{"start":{"line":202,"column":4},"end":{"line":202,"column":63}},"type":"if","locations":[{"start":{"line":202,"column":4},"end":{"line":202,"column":63}},{"start":{},"end":{}}],"line":202}},"s":{"0":6,"1":6,"2":6,"3":6,"4":6,"5":7,"6":7,"7":7,"8":4,"9":4,"10":3,"11":3,"12":4,"13":19,"14":19,"15":1,"16":18,"17":18,"18":18,"19":18,"20":1,"21":1,"22":3,"23":3,"24":3,"25":1,"26":2,"27":7,"28":3,"29":7,"30":6,"31":6,"32":6,"33":6,"34":6,"35":1,"36":5,"37":5,"38":4,"39":4,"40":4,"41":1,"42":6},"f":{"0":7,"1":19,"2":1,"3":3,"4":7,"5":4},"b":{"0":[4,3],"1":[3,1],"2":[1,18],"3":[1,2],"4":[3,4],"5":[1,5],"6":[1,3]},"_coverageSchema":"1a1c01bbd47fc00a2c39e90264f33305004495a9","hash":"8b82a19a12cc959bf043af5789d85aedee6ceac4"}
,"/Users/mbouanik/node/express-jobly/routes/_testCommon.js": {"path":"/Users/mbouanik/node/express-jobly/routes/_testCommon.js","statementMap":{"0":{"start":{"line":3,"column":11},"end":{"line":3,"column":30}},"1":{"start":{"line":4,"column":13},"end":{"line":4,"column":38}},"2":{"start":{"line":5,"column":16},"end":{"line":5,"column":44}},"3":{"start":{"line":6,"column":24},"end":{"line":6,"column":52}},"4":{"start":{"line":7,"column":12},"end":{"line":7,"column":39}},"5":{"start":{"line":11,"column":2},"end":{"line":11,"column":38}},"6":{"start":{"line":13,"column":2},"end":{"line":13,"column":42}},"7":{"start":{"line":15,"column":2},"end":{"line":21,"column":5}},"8":{"start":{"line":22,"column":2},"end":{"line":28,"column":5}},"9":{"start":{"line":29,"column":2},"end":{"line":35,"column":5}},"10":{"start":{"line":37,"column":2},"end":{"line":44,"column":5}},"11":{"start":{"line":45,"column":2},"end":{"line":52,"column":5}},"12":{"start":{"line":53,"column":2},"end":{"line":60,"column":5}},"13":{"start":{"line":61,"column":2},"end":{"line":66,"column":5}},"14":{"start":{"line":67,"column":2},"end":{"line":72,"column":5}},"15":{"start":{"line":73,"column":2},"end":{"line":78,"column":5}},"16":{"start":{"line":82,"column":2},"end":{"line":82,"column":26}},"17":{"start":{"line":86,"column":2},"end":{"line":86,"column":29}},"18":{"start":{"line":90,"column":2},"end":{"line":90,"column":17}},"19":{"start":{"line":93,"column":16},"end":{"line":93,"column":63}},"20":{"start":{"line":94,"column":19},"end":{"line":94,"column":68}},"21":{"start":{"line":96,"column":0},"end":{"line":103,"column":2}}},"fnMap":{"0":{"name":"commonBeforeAll","decl":{"start":{"line":9,"column":15},"end":{"line":9,"column":30}},"loc":{"start":{"line":9,"column":33},"end":{"line":79,"column":1}},"line":9},"1":{"name":"commonBeforeEach","decl":{"start":{"line":81,"column":15},"end":{"line":81,"column":31}},"loc":{"start":{"line":81,"column":34},"end":{"line":83,"column":1}},"line":81},"2":{"name":"commonAfterEach","decl":{"start":{"line":85,"column":15},"end":{"line":85,"column":30}},"loc":{"start":{"line":85,"column":33},"end":{"line":87,"column":1}},"line":85},"3":{"name":"commonAfterAll","decl":{"start":{"line":89,"column":15},"end":{"line":89,"column":29}},"loc":{"start":{"line":89,"column":32},"end":{"line":91,"column":1}},"line":89}},"branchMap":{},"s":{"0":4,"1":4,"2":4,"3":4,"4":4,"5":4,"6":4,"7":4,"8":4,"9":4,"10":4,"11":4,"12":4,"13":4,"14":4,"15":4,"16":68,"17":68,"18":4,"19":4,"20":4,"21":4},"f":{"0":4,"1":68,"2":68,"3":4},"b":{},"_coverageSchema":"1a1c01bbd47fc00a2c39e90264f33305004495a9","hash":"8e46a162058676ec90176fab05fb6add942f9fda"}
,"/Users/mbouanik/node/express-jobly/routes/auth.js": {"path":"/Users/mbouanik/node/express-jobly/routes/auth.js","statementMap":{"0":{"start":{"line":5,"column":19},"end":{"line":5,"column":40}},"1":{"start":{"line":7,"column":13},"end":{"line":7,"column":38}},"2":{"start":{"line":8,"column":16},"end":{"line":8,"column":34}},"3":{"start":{"line":9,"column":15},"end":{"line":9,"column":35}},"4":{"start":{"line":10,"column":24},"end":{"line":10,"column":52}},"5":{"start":{"line":11,"column":23},"end":{"line":11,"column":58}},"6":{"start":{"line":12,"column":27},"end":{"line":12,"column":66}},"7":{"start":{"line":13,"column":28},"end":{"line":13,"column":54}},"8":{"start":{"line":22,"column":0},"end":{"line":37,"column":3}},"9":{"start":{"line":23,"column":2},"end":{"line":36,"column":3}},"10":{"start":{"line":24,"column":22},"end":{"line":24,"column":67}},"11":{"start":{"line":25,"column":4},"end":{"line":28,"column":5}},"12":{"start":{"line":26,"column":19},"end":{"line":26,"column":55}},"13":{"start":{"line":26,"column":47},"end":{"line":26,"column":54}},"14":{"start":{"line":27,"column":6},"end":{"line":27,"column":38}},"15":{"start":{"line":30,"column":35},"end":{"line":30,"column":43}},"16":{"start":{"line":31,"column":17},"end":{"line":31,"column":60}},"17":{"start":{"line":32,"column":18},"end":{"line":32,"column":35}},"18":{"start":{"line":33,"column":4},"end":{"line":33,"column":31}},"19":{"start":{"line":35,"column":4},"end":{"line":35,"column":21}},"20":{"start":{"line":48,"column":0},"end":{"line":62,"column":3}},"21":{"start":{"line":49,"column":2},"end":{"line":61,"column":3}},"22":{"start":{"line":50,"column":22},"end":{"line":50,"column":71}},"23":{"start":{"line":51,"column":4},"end":{"line":54,"column":5}},"24":{"start":{"line":52,"column":19},"end":{"line":52,"column":55}},"25":{"start":{"line":52,"column":47},"end":{"line":52,"column":54}},"26":{"start":{"line":53,"column":6},"end":{"line":53,"column":38}},"27":{"start":{"line":56,"column":20},"end":{"line":56,"column":72}},"28":{"start":{"line":57,"column":18},"end":{"line":57,"column":38}},"29":{"start":{"line":58,"column":4},"end":{"line":58,"column":43}},"30":{"start":{"line":60,"column":4},"end":{"line":60,"column":21}},"31":{"start":{"line":64,"column":0},"end":{"line":64,"column":24}}},"fnMap":{"0":{"name":"(anonymous_0)","decl":{"start":{"line":22,"column":22},"end":{"line":22,"column":23}},"loc":{"start":{"line":22,"column":54},"end":{"line":37,"column":1}},"line":22},"1":{"name":"(anonymous_1)","decl":{"start":{"line":26,"column":40},"end":{"line":26,"column":41}},"loc":{"start":{"line":26,"column":47},"end":{"line":26,"column":54}},"line":26},"2":{"name":"(anonymous_2)","decl":{"start":{"line":48,"column":25},"end":{"line":48,"column":26}},"loc":{"start":{"line":48,"column":57},"end":{"line":62,"column":1}},"line":48},"3":{"name":"(anonymous_3)","decl":{"start":{"line":52,"column":40},"end":{"line":52,"column":41}},"loc":{"start":{"line":52,"column":47},"end":{"line":52,"column":54}},"line":52}},"branchMap":{"0":{"loc":{"start":{"line":25,"column":4},"end":{"line":28,"column":5}},"type":"if","locations":[{"start":{"line":25,"column":4},"end":{"line":28,"column":5}},{"start":{},"end":{}}],"line":25},"1":{"loc":{"start":{"line":51,"column":4},"end":{"line":54,"column":5}},"type":"if","locations":[{"start":{"line":51,"column":4},"end":{"line":54,"column":5}},{"start":{},"end":{}}],"line":51}},"s":{"0":5,"1":5,"2":5,"3":5,"4":5,"5":5,"6":5,"7":5,"8":5,"9":5,"10":5,"11":5,"12":2,"13":2,"14":2,"15":3,"16":3,"17":1,"18":1,"19":4,"20":5,"21":3,"22":3,"23":3,"24":2,"25":5,"26":2,"27":1,"28":1,"29":1,"30":2,"31":5},"f":{"0":5,"1":2,"2":3,"3":5},"b":{"0":[2,3],"1":[2,1]},"_coverageSchema":"1a1c01bbd47fc00a2c39e90264f33305004495a9","hash":"143ef82872ce2d83dcb338d75b653a6c57b8008d"}
,"/Users/mbouanik/node/express-jobly/routes/companies.js": {"path":"/Users/mbouanik/node/express-jobly/routes/companies.js","statementMap":{"0":{"start":{"line":5,"column":19},"end":{"line":5,"column":40}},"1":{"start":{"line":6,"column":16},"end":{"line":6,"column":34}},"2":{"start":{"line":8,"column":28},"end":{"line":8,"column":54}},"3":{"start":{"line":9,"column":40},"end":{"line":9,"column":69}},"4":{"start":{"line":10,"column":16},"end":{"line":10,"column":44}},"5":{"start":{"line":12,"column":25},"end":{"line":12,"column":62}},"6":{"start":{"line":13,"column":28},"end":{"line":13,"column":68}},"7":{"start":{"line":15,"column":15},"end":{"line":15,"column":35}},"8":{"start":{"line":26,"column":0},"end":{"line":39,"column":3}},"9":{"start":{"line":27,"column":2},"end":{"line":38,"column":3}},"10":{"start":{"line":28,"column":22},"end":{"line":28,"column":69}},"11":{"start":{"line":29,"column":4},"end":{"line":32,"column":5}},"12":{"start":{"line":30,"column":19},"end":{"line":30,"column":55}},"13":{"start":{"line":30,"column":47},"end":{"line":30,"column":54}},"14":{"start":{"line":31,"column":6},"end":{"line":31,"column":38}},"15":{"start":{"line":34,"column":20},"end":{"line":34,"column":50}},"16":{"start":{"line":35,"column":4},"end":{"line":35,"column":45}},"17":{"start":{"line":37,"column":4},"end":{"line":37,"column":21}},"18":{"start":{"line":52,"column":0},"end":{"line":65,"column":3}},"19":{"start":{"line":53,"column":2},"end":{"line":64,"column":3}},"20":{"start":{"line":54,"column":17},"end":{"line":54,"column":39}},"21":{"start":{"line":55,"column":4},"end":{"line":58,"column":5}},"22":{"start":{"line":56,"column":21},"end":{"line":56,"column":59}},"23":{"start":{"line":57,"column":6},"end":{"line":57,"column":45}},"24":{"start":{"line":60,"column":22},"end":{"line":60,"column":45}},"25":{"start":{"line":61,"column":4},"end":{"line":61,"column":35}},"26":{"start":{"line":63,"column":4},"end":{"line":63,"column":21}},"27":{"start":{"line":75,"column":0},"end":{"line":82,"column":3}},"28":{"start":{"line":76,"column":2},"end":{"line":81,"column":3}},"29":{"start":{"line":77,"column":20},"end":{"line":77,"column":56}},"30":{"start":{"line":78,"column":4},"end":{"line":78,"column":33}},"31":{"start":{"line":80,"column":4},"end":{"line":80,"column":21}},"32":{"start":{"line":95,"column":0},"end":{"line":108,"column":3}},"33":{"start":{"line":96,"column":2},"end":{"line":107,"column":3}},"34":{"start":{"line":97,"column":22},"end":{"line":97,"column":72}},"35":{"start":{"line":98,"column":4},"end":{"line":101,"column":5}},"36":{"start":{"line":99,"column":19},"end":{"line":99,"column":55}},"37":{"start":{"line":99,"column":47},"end":{"line":99,"column":54}},"38":{"start":{"line":100,"column":6},"end":{"line":100,"column":38}},"39":{"start":{"line":103,"column":20},"end":{"line":103,"column":69}},"40":{"start":{"line":104,"column":4},"end":{"line":104,"column":33}},"41":{"start":{"line":106,"column":4},"end":{"line":106,"column":21}},"42":{"start":{"line":115,"column":0},"end":{"line":122,"column":3}},"43":{"start":{"line":116,"column":2},"end":{"line":121,"column":3}},"44":{"start":{"line":117,"column":4},"end":{"line":117,"column":44}},"45":{"start":{"line":118,"column":4},"end":{"line":118,"column":52}},"46":{"start":{"line":120,"column":4},"end":{"line":120,"column":21}},"47":{"start":{"line":124,"column":0},"end":{"line":124,"column":24}}},"fnMap":{"0":{"name":"(anonymous_0)","decl":{"start":{"line":26,"column":30},"end":{"line":26,"column":31}},"loc":{"start":{"line":26,"column":62},"end":{"line":39,"column":1}},"line":26},"1":{"name":"(anonymous_1)","decl":{"start":{"line":30,"column":40},"end":{"line":30,"column":41}},"loc":{"start":{"line":30,"column":47},"end":{"line":30,"column":54}},"line":30},"2":{"name":"(anonymous_2)","decl":{"start":{"line":52,"column":16},"end":{"line":52,"column":17}},"loc":{"start":{"line":52,"column":48},"end":{"line":65,"column":1}},"line":52},"3":{"name":"(anonymous_3)","decl":{"start":{"line":75,"column":23},"end":{"line":75,"column":24}},"loc":{"start":{"line":75,"column":55},"end":{"line":82,"column":1}},"line":75},"4":{"name":"(anonymous_4)","decl":{"start":{"line":95,"column":38},"end":{"line":95,"column":39}},"loc":{"start":{"line":95,"column":70},"end":{"line":108,"column":1}},"line":95},"5":{"name":"(anonymous_5)","decl":{"start":{"line":99,"column":40},"end":{"line":99,"column":41}},"loc":{"start":{"line":99,"column":47},"end":{"line":99,"column":54}},"line":99},"6":{"name":"(anonymous_6)","decl":{"start":{"line":115,"column":39},"end":{"line":115,"column":40}},"loc":{"start":{"line":115,"column":71},"end":{"line":122,"column":1}},"line":115}},"branchMap":{"0":{"loc":{"start":{"line":29,"column":4},"end":{"line":32,"column":5}},"type":"if","locations":[{"start":{"line":29,"column":4},"end":{"line":32,"column":5}},{"start":{},"end":{}}],"line":29},"1":{"loc":{"start":{"line":55,"column":4},"end":{"line":58,"column":5}},"type":"if","locations":[{"start":{"line":55,"column":4},"end":{"line":58,"column":5}},{"start":{},"end":{}}],"line":55},"2":{"loc":{"start":{"line":98,"column":4},"end":{"line":101,"column":5}},"type":"if","locations":[{"start":{"line":98,"column":4},"end":{"line":101,"column":5}},{"start":{},"end":{}}],"line":98}},"s":{"0":5,"1":5,"2":5,"3":5,"4":5,"5":5,"6":5,"7":5,"8":5,"9":3,"10":3,"11":3,"12":2,"13":3,"14":2,"15":1,"16":1,"17":2,"18":5,"19":7,"20":7,"21":7,"22":5,"23":4,"24":2,"25":1,"26":2,"27":5,"28":3,"29":3,"30":2,"31":1,"32":5,"33":4,"34":4,"35":4,"36":2,"37":2,"38":2,"39":2,"40":1,"41":3,"42":5,"43":2,"44":2,"45":1,"46":1,"47":5},"f":{"0":3,"1":3,"2":7,"3":3,"4":4,"5":2,"6":2},"b":{"0":[2,1],"1":[5,2],"2":[2,2]},"_coverageSchema":"1a1c01bbd47fc00a2c39e90264f33305004495a9","hash":"b8a36f677d1353a347b3f7bd29c0f57f65f3e97a"}
,"/Users/mbouanik/node/express-jobly/routes/jobs.js": {"path":"/Users/mbouanik/node/express-jobly/routes/jobs.js","statementMap":{"0":{"start":{"line":5,"column":19},"end":{"line":5,"column":40}},"1":{"start":{"line":6,"column":16},"end":{"line":6,"column":34}},"2":{"start":{"line":8,"column":28},"end":{"line":8,"column":54}},"3":{"start":{"line":9,"column":40},"end":{"line":9,"column":69}},"4":{"start":{"line":10,"column":12},"end":{"line":10,"column":36}},"5":{"start":{"line":12,"column":21},"end":{"line":12,"column":54}},"6":{"start":{"line":13,"column":24},"end":{"line":13,"column":60}},"7":{"start":{"line":15,"column":15},"end":{"line":15,"column":35}},"8":{"start":{"line":26,"column":0},"end":{"line":39,"column":3}},"9":{"start":{"line":27,"column":2},"end":{"line":38,"column":3}},"10":{"start":{"line":28,"column":22},"end":{"line":28,"column":65}},"11":{"start":{"line":29,"column":4},"end":{"line":32,"column":5}},"12":{"start":{"line":30,"column":19},"end":{"line":30,"column":55}},"13":{"start":{"line":30,"column":47},"end":{"line":30,"column":54}},"14":{"start":{"line":31,"column":6},"end":{"line":31,"column":38}},"15":{"start":{"line":34,"column":16},"end":{"line":34,"column":42}},"16":{"start":{"line":35,"column":4},"end":{"line":35,"column":41}},"17":{"start":{"line":37,"column":4},"end":{"line":37,"column":21}},"18":{"start":{"line":52,"column":0},"end":{"line":65,"column":3}},"19":{"start":{"line":53,"column":2},"end":{"line":64,"column":3}},"20":{"start":{"line":54,"column":17},"end":{"line":54,"column":39}},"21":{"start":{"line":55,"column":4},"end":{"line":58,"column":5}},"22":{"start":{"line":56,"column":21},"end":{"line":56,"column":52}},"23":{"start":{"line":57,"column":6},"end":{"line":57,"column":40}},"24":{"start":{"line":60,"column":17},"end":{"line":60,"column":36}},"25":{"start":{"line":61,"column":4},"end":{"line":61,"column":30}},"26":{"start":{"line":63,"column":4},"end":{"line":63,"column":21}},"27":{"start":{"line":74,"column":0},"end":{"line":81,"column":3}},"28":{"start":{"line":75,"column":2},"end":{"line":80,"column":3}},"29":{"start":{"line":76,"column":16},"end":{"line":76,"column":44}},"30":{"start":{"line":77,"column":4},"end":{"line":77,"column":29}},"31":{"start":{"line":79,"column":4},"end":{"line":79,"column":21}},"32":{"start":{"line":94,"column":0},"end":{"line":107,"column":3}},"33":{"start":{"line":95,"column":2},"end":{"line":106,"column":3}},"34":{"start":{"line":96,"column":22},"end":{"line":96,"column":68}},"35":{"start":{"line":97,"column":4},"end":{"line":100,"column":5}},"36":{"start":{"line":98,"column":19},"end":{"line":98,"column":55}},"37":{"start":{"line":98,"column":47},"end":{"line":98,"column":54}},"38":{"start":{"line":99,"column":6},"end":{"line":99,"column":38}},"39":{"start":{"line":102,"column":16},"end":{"line":102,"column":57}},"40":{"start":{"line":103,"column":4},"end":{"line":103,"column":29}},"41":{"start":{"line":105,"column":4},"end":{"line":105,"column":21}},"42":{"start":{"line":114,"column":0},"end":{"line":121,"column":3}},"43":{"start":{"line":115,"column":2},"end":{"line":120,"column":3}},"44":{"start":{"line":116,"column":4},"end":{"line":116,"column":36}},"45":{"start":{"line":117,"column":4},"end":{"line":117,"column":48}},"46":{"start":{"line":119,"column":4},"end":{"line":119,"column":21}},"47":{"start":{"line":123,"column":0},"end":{"line":123,"column":24}}},"fnMap":{"0":{"name":"(anonymous_0)","decl":{"start":{"line":26,"column":30},"end":{"line":26,"column":31}},"loc":{"start":{"line":26,"column":62},"end":{"line":39,"column":1}},"line":26},"1":{"name":"(anonymous_1)","decl":{"start":{"line":30,"column":40},"end":{"line":30,"column":41}},"loc":{"start":{"line":30,"column":47},"end":{"line":30,"column":54}},"line":30},"2":{"name":"(anonymous_2)","decl":{"start":{"line":52,"column":16},"end":{"line":52,"column":17}},"loc":{"start":{"line":52,"column":48},"end":{"line":65,"column":1}},"line":52},"3":{"name":"(anonymous_3)","decl":{"start":{"line":74,"column":19},"end":{"line":74,"column":20}},"loc":{"start":{"line":74,"column":51},"end":{"line":81,"column":1}},"line":74},"4":{"name":"(anonymous_4)","decl":{"start":{"line":94,"column":34},"end":{"line":94,"column":35}},"loc":{"start":{"line":94,"column":66},"end":{"line":107,"column":1}},"line":94},"5":{"name":"(anonymous_5)","decl":{"start":{"line":98,"column":40},"end":{"line":98,"column":41}},"loc":{"start":{"line":98,"column":47},"end":{"line":98,"column":54}},"line":98},"6":{"name":"(anonymous_6)","decl":{"start":{"line":114,"column":35},"end":{"line":114,"column":36}},"loc":{"start":{"line":114,"column":67},"end":{"line":121,"column":1}},"line":114}},"branchMap":{"0":{"loc":{"start":{"line":29,"column":4},"end":{"line":32,"column":5}},"type":"if","locations":[{"start":{"line":29,"column":4},"end":{"line":32,"column":5}},{"start":{},"end":{}}],"line":29},"1":{"loc":{"start":{"line":55,"column":4},"end":{"line":58,"column":5}},"type":"if","locations":[{"start":{"line":55,"column":4},"end":{"line":58,"column":5}},{"start":{},"end":{}}],"line":55},"2":{"loc":{"start":{"line":97,"column":4},"end":{"line":100,"column":5}},"type":"if","locations":[{"start":{"line":97,"column":4},"end":{"line":100,"column":5}},{"start":{},"end":{}}],"line":97}},"s":{"0":5,"1":5,"2":5,"3":5,"4":5,"5":5,"6":5,"7":5,"8":5,"9":3,"10":3,"11":3,"12":2,"13":3,"14":2,"15":1,"16":1,"17":2,"18":5,"19":4,"20":4,"21":4,"22":3,"23":3,"24":1,"25":1,"26":0,"27":5,"28":1,"29":1,"30":1,"31":0,"32":5,"33":1,"34":1,"35":1,"36":0,"37":0,"38":0,"39":1,"40":1,"41":0,"42":5,"43":1,"44":1,"45":1,"46":0,"47":5},"f":{"0":3,"1":3,"2":4,"3":1,"4":1,"5":0,"6":1},"b":{"0":[2,1],"1":[3,1],"2":[0,1]},"_coverageSchema":"1a1c01bbd47fc00a2c39e90264f33305004495a9","hash":"3d3172d77f79462ba69b3763e15d3e163b3eb43d"}
,"/Users/mbouanik/node/express-jobly/routes/users.js": {"path":"/Users/mbouanik/node/express-jobly/routes/users.js","statementMap":{"0":{"start":{"line":5,"column":19},"end":{"line":5,"column":40}},"1":{"start":{"line":7,"column":16},"end":{"line":7,"column":34}},"2":{"start":{"line":8,"column":50},"end":{"line":8,"column":79}},"3":{"start":{"line":9,"column":28},"end":{"line":9,"column":54}},"4":{"start":{"line":10,"column":13},"end":{"line":10,"column":38}},"5":{"start":{"line":11,"column":24},"end":{"line":11,"column":52}},"6":{"start":{"line":12,"column":22},"end":{"line":12,"column":56}},"7":{"start":{"line":13,"column":25},"end":{"line":13,"column":62}},"8":{"start":{"line":15,"column":15},"end":{"line":15,"column":31}},"9":{"start":{"line":29,"column":0},"end":{"line":43,"column":3}},"10":{"start":{"line":30,"column":2},"end":{"line":42,"column":3}},"11":{"start":{"line":31,"column":22},"end":{"line":31,"column":66}},"12":{"start":{"line":32,"column":4},"end":{"line":35,"column":5}},"13":{"start":{"line":33,"column":19},"end":{"line":33,"column":55}},"14":{"start":{"line":33,"column":47},"end":{"line":33,"column":54}},"15":{"start":{"line":34,"column":6},"end":{"line":34,"column":38}},"16":{"start":{"line":37,"column":17},"end":{"line":37,"column":46}},"17":{"start":{"line":38,"column":18},"end":{"line":38,"column":35}},"18":{"start":{"line":39,"column":4},"end":{"line":39,"column":49}},"19":{"start":{"line":41,"column":4},"end":{"line":41,"column":21}},"20":{"start":{"line":52,"column":0},"end":{"line":59,"column":3}},"21":{"start":{"line":53,"column":2},"end":{"line":58,"column":3}},"22":{"start":{"line":54,"column":18},"end":{"line":54,"column":38}},"23":{"start":{"line":55,"column":4},"end":{"line":55,"column":31}},"24":{"start":{"line":57,"column":4},"end":{"line":57,"column":21}},"25":{"start":{"line":68,"column":0},"end":{"line":79,"column":2}},"26":{"start":{"line":72,"column":4},"end":{"line":77,"column":5}},"27":{"start":{"line":73,"column":19},"end":{"line":73,"column":54}},"28":{"start":{"line":74,"column":6},"end":{"line":74,"column":32}},"29":{"start":{"line":76,"column":6},"end":{"line":76,"column":23}},"30":{"start":{"line":91,"column":0},"end":{"line":108,"column":2}},"31":{"start":{"line":95,"column":4},"end":{"line":106,"column":5}},"32":{"start":{"line":96,"column":24},"end":{"line":96,"column":71}},"33":{"start":{"line":97,"column":6},"end":{"line":100,"column":7}},"34":{"start":{"line":98,"column":21},"end":{"line":98,"column":57}},"35":{"start":{"line":98,"column":49},"end":{"line":98,"column":56}},"36":{"start":{"line":99,"column":8},"end":{"line":99,"column":40}},"37":{"start":{"line":102,"column":19},"end":{"line":102,"column":67}},"38":{"start":{"line":103,"column":6},"end":{"line":103,"column":32}},"39":{"start":{"line":105,"column":6},"end":{"line":105,"column":23}},"40":{"start":{"line":115,"column":0},"end":{"line":126,"column":2}},"41":{"start":{"line":119,"column":4},"end":{"line":124,"column":5}},"42":{"start":{"line":120,"column":6},"end":{"line":120,"column":45}},"43":{"start":{"line":121,"column":6},"end":{"line":121,"column":56}},"44":{"start":{"line":123,"column":6},"end":{"line":123,"column":23}},"45":{"start":{"line":128,"column":0},"end":{"line":128,"column":24}}},"fnMap":{"0":{"name":"(anonymous_0)","decl":{"start":{"line":29,"column":30},"end":{"line":29,"column":31}},"loc":{"start":{"line":29,"column":62},"end":{"line":43,"column":1}},"line":29},"1":{"name":"(anonymous_1)","decl":{"start":{"line":33,"column":40},"end":{"line":33,"column":41}},"loc":{"start":{"line":33,"column":47},"end":{"line":33,"column":54}},"line":33},"2":{"name":"(anonymous_2)","decl":{"start":{"line":52,"column":29},"end":{"line":52,"column":30}},"loc":{"start":{"line":52,"column":61},"end":{"line":59,"column":1}},"line":52},"3":{"name":"(anonymous_3)","decl":{"start":{"line":71,"column":2},"end":{"line":71,"column":3}},"loc":{"start":{"line":71,"column":34},"end":{"line":78,"column":3}},"line":71},"4":{"name":"(anonymous_4)","decl":{"start":{"line":94,"column":2},"end":{"line":94,"column":3}},"loc":{"start":{"line":94,"column":34},"end":{"line":107,"column":3}},"line":94},"5":{"name":"(anonymous_5)","decl":{"start":{"line":98,"column":42},"end":{"line":98,"column":43}},"loc":{"start":{"line":98,"column":49},"end":{"line":98,"column":56}},"line":98},"6":{"name":"(anonymous_6)","decl":{"start":{"line":118,"column":2},"end":{"line":118,"column":3}},"loc":{"start":{"line":118,"column":34},"end":{"line":125,"column":3}},"line":118}},"branchMap":{"0":{"loc":{"start":{"line":32,"column":4},"end":{"line":35,"column":5}},"type":"if","locations":[{"start":{"line":32,"column":4},"end":{"line":35,"column":5}},{"start":{},"end":{}}],"line":32},"1":{"loc":{"start":{"line":97,"column":6},"end":{"line":100,"column":7}},"type":"if","locations":[{"start":{"line":97,"column":6},"end":{"line":100,"column":7}},{"start":{},"end":{}}],"line":97}},"s":{"0":5,"1":5,"2":5,"3":5,"4":5,"5":5,"6":5,"7":5,"8":5,"9":5,"10":2,"11":2,"12":2,"13":0,"14":0,"15":0,"16":2,"17":2,"18":2,"19":0,"20":5,"21":0,"22":0,"23":0,"24":0,"25":5,"26":1,"27":1,"28":1,"29":0,"30":5,"31":4,"32":4,"33":4,"34":1,"35":1,"36":1,"37":3,"38":3,"39":1,"40":5,"41":2,"42":2,"43":2,"44":0,"45":5},"f":{"0":2,"1":0,"2":0,"3":1,"4":4,"5":1,"6":2},"b":{"0":[0,2],"1":[1,3]},"_coverageSchema":"1a1c01bbd47fc00a2c39e90264f33305004495a9","hash":"2b7d743f8a52194059c1e47d9adbacd3f6374b58"}
}
