TN:
SF:app.js
FN:31,(anonymous_0)
FN:36,(anonymous_1)
FNF:2
FNH:2
FNDA:2,(anonymous_0)
FNDA:42,(anonymous_1)
DA:5,5
DA:6,5
DA:8,5
DA:10,5
DA:11,5
DA:12,5
DA:13,5
DA:14,5
DA:16,5
DA:18,5
DA:20,5
DA:21,5
DA:22,5
DA:23,5
DA:25,5
DA:26,5
DA:27,5
DA:28,5
DA:31,5
DA:32,2
DA:36,5
DA:37,42
DA:38,42
DA:39,42
DA:41,42
DA:46,5
LF:26
LH:26
BRDA:37,0,0,1
BRDA:37,0,1,41
BRDA:38,1,0,42
BRDA:38,1,1,1
BRF:4
BRH:4
end_of_record
TN:
SF:config.js
FN:13,getDatabaseUri
FNF:1
FNH:1
FNDA:22,getDatabaseUri
DA:5,11
DA:6,11
DA:8,11
DA:10,11
DA:14,22
DA:22,11
DA:24,11
DA:25,11
DA:26,11
DA:27,11
DA:28,11
DA:29,11
DA:31,11
LF:13
LH:13
BRDA:8,0,0,11
BRDA:8,0,1,10
BRDA:10,1,0,11
BRDA:10,1,1,10
BRDA:14,2,0,19
BRDA:14,2,1,3
BRDA:16,3,0,3
BRDA:16,3,1,1
BRDA:22,4,0,10
BRDA:22,4,1,1
BRF:10
BRH:10
end_of_record
TN:
SF:db.js
FNF:0
FNH:0
DA:3,8
DA:4,8
DA:8,8
DA:9,0
DA:16,8
DA:21,8
DA:23,8
LF:7
LH:6
BRDA:8,0,0,0
BRDA:8,0,1,8
BRF:2
BRH:1
end_of_record
TN:
SF:expressError.js
FN:8,(anonymous_0)
FN:18,(anonymous_1)
FN:26,(anonymous_2)
FN:34,(anonymous_3)
FN:42,(anonymous_4)
FNF:5
FNH:4
FNDA:54,(anonymous_0)
FNDA:11,(anonymous_1)
FNDA:27,(anonymous_2)
FNDA:15,(anonymous_3)
FNDA:0,(anonymous_4)
DA:9,54
DA:10,54
DA:11,54
DA:19,11
DA:27,27
DA:35,15
DA:43,0
DA:47,10
LF:8
LH:7
BRDA:18,0,0,2
BRDA:26,1,0,23
BRDA:34,2,0,0
BRDA:42,3,0,0
BRF:4
BRH:2
end_of_record
TN:
SF:helpers/sql.js
FN:9,sqlForPartialUpdate
FN:15,(anonymous_1)
FNF:2
FNH:2
FNDA:18,sqlForPartialUpdate
FNDA:32,(anonymous_1)
DA:1,9
DA:10,18
DA:11,18
DA:14,16
DA:15,32
DA:18,16
DA:24,9
LF:7
LH:7
BRDA:11,0,0,2
BRDA:11,0,1,16
BRDA:15,1,0,32
BRDA:15,1,1,13
BRF:4
BRH:4
end_of_record
TN:
SF:helpers/tokens.js
FN:6,createToken
FNF:1
FNH:1
FNDA:15,createToken
DA:1,6
DA:2,6
DA:7,15
DA:10,15
DA:15,15
DA:18,6
LF:6
LH:6
BRDA:12,0,0,15
BRDA:12,0,1,9
BRF:2
BRH:2
end_of_record
TN:
SF:middleware/auth.js
FN:17,authenticateJWT
FN:35,ensureLoggedIn
FN:49,ensureCorrectUserOrAdmin
FN:65,ensureAdmin
FNF:4
FNH:4
FNDA:73,authenticateJWT
FNDA:2,ensureLoggedIn
FNDA:13,ensureCorrectUserOrAdmin
FNDA:32,ensureAdmin
DA:5,6
DA:6,6
DA:7,6
DA:18,73
DA:19,73
DA:20,73
DA:21,41
DA:22,41
DA:24,72
DA:26,1
DA:36,2
DA:37,2
DA:38,1
DA:40,1
DA:50,13
DA:51,13
DA:52,13
DA:53,6
DA:54,7
DA:56,6
DA:66,32
DA:67,32
DA:68,32
DA:69,16
DA:71,16
DA:75,6
LF:26
LH:26
BRDA:19,0,0,73
BRDA:19,0,1,72
BRDA:20,1,0,41
BRDA:20,1,1,32
BRDA:37,2,0,1
BRDA:37,2,1,1
BRDA:52,3,0,6
BRDA:52,3,1,7
BRDA:52,4,0,13
BRDA:52,4,1,10
BRDA:52,4,2,8
BRDA:68,5,0,16
BRDA:68,5,1,16
BRDA:68,6,0,32
BRDA:68,6,1,28
BRF:15
BRH:15
end_of_record
TN:
SF:models/_testCommon.js
FN:6,commonBeforeAll
FN:39,commonBeforeEach
FN:43,commonAfterEach
FN:47,commonAfterAll
FNF:4
FNH:4
FNDA:3,commonBeforeAll
FNDA:40,commonBeforeEach
FNDA:40,commonAfterEach
FNDA:3,commonAfterAll
DA:1,3
DA:3,3
DA:4,3
DA:8,3
DA:10,3
DA:12,3
DA:18,3
DA:33,3
DA:40,40
DA:44,40
DA:48,3
DA:51,3
LF:12
LH:12
BRF:0
BRH:0
end_of_record
TN:
SF:models/company.js
FN:23,(anonymous_0)
FN:51,(anonymous_1)
FN:72,(anonymous_2)
FN:109,(anonymous_3)
FN:137,(anonymous_4)
FN:150,(anonymous_5)
FN:170,(anonymous_6)
FNF:7
FNH:7
FNDA:16,(anonymous_0)
FNDA:3,(anonymous_1)
FNDA:5,(anonymous_2)
FNDA:6,(anonymous_3)
FNDA:4,(anonymous_4)
FNDA:9,(anonymous_5)
FNDA:10,(anonymous_6)
DA:3,6
DA:8,6
DA:9,6
DA:24,16
DA:31,16
DA:32,1
DA:34,15
DA:41,15
DA:43,15
DA:52,3
DA:61,2
DA:73,5
DA:83,5
DA:90,5
DA:92,5
DA:93,3
DA:94,3
DA:110,6
DA:114,5
DA:116,5
DA:124,5
DA:125,5
DA:127,5
DA:129,3
DA:138,4
DA:145,4
DA:147,4
DA:152,9
DA:156,9
DA:157,9
DA:158,3
DA:161,1
DA:170,8
DA:171,10
DA:172,10
DA:173,2
DA:174,8
DA:175,4
DA:177,4
DA:183,8
DA:184,8
DA:187,8
DA:191,6
LF:43
LH:43
BRDA:31,0,0,1
BRDA:31,0,1,15
BRDA:92,1,0,2
BRDA:92,1,1,3
BRDA:127,2,0,2
BRDA:127,2,1,3
BRDA:147,3,0,2
BRDA:147,3,1,2
BRDA:157,4,0,3
BRDA:157,4,1,6
BRDA:157,5,0,9
BRDA:157,5,1,5
BRDA:158,6,0,1
BRDA:158,6,1,2
BRDA:171,7,0,10
BRDA:171,7,1,0
BRDA:172,8,0,2
BRDA:172,8,1,8
BRDA:174,9,0,4
BRDA:174,9,1,4
BRF:20
BRH:19
end_of_record
TN:
SF:models/job.js
FN:22,(anonymous_0)
FN:40,(anonymous_1)
FN:57,(anonymous_2)
FN:84,(anonymous_3)
FN:114,(anonymous_4)
FN:127,(anonymous_5)
FN:136,(anonymous_6)
FNF:7
FNH:7
FNDA:14,(anonymous_0)
FNDA:2,(anonymous_1)
FNDA:2,(anonymous_2)
FNDA:4,(anonymous_3)
FNDA:2,(anonymous_4)
FNDA:6,(anonymous_5)
FNDA:6,(anonymous_6)
DA:3,6
DA:8,6
DA:9,6
DA:23,14
DA:30,14
DA:32,14
DA:41,2
DA:46,2
DA:58,2
DA:65,2
DA:67,2
DA:69,2
DA:85,4
DA:90,4
DA:92,4
DA:101,4
DA:102,4
DA:104,4
DA:106,4
DA:115,2
DA:122,2
DA:124,2
DA:129,6
DA:132,6
DA:136,6
DA:137,6
DA:138,6
DA:139,2
DA:140,4
DA:141,2
DA:142,2
DA:143,2
DA:149,6
DA:150,6
DA:153,6
DA:157,6
LF:36
LH:36
BRDA:67,0,0,0
BRDA:67,0,1,2
BRDA:104,1,0,0
BRDA:104,1,1,4
BRDA:124,2,0,0
BRDA:124,2,1,2
BRDA:137,3,0,6
BRDA:137,3,1,0
BRDA:138,4,0,2
BRDA:138,4,1,4
BRDA:140,5,0,2
BRDA:140,5,1,2
BRDA:142,6,0,2
BRDA:142,6,1,0
BRF:14
BRH:9
end_of_record
TN:
SF:models/user.js
FN:24,(anonymous_0)
FN:59,(anonymous_1)
FN:103,(anonymous_2)
FN:125,(anonymous_3)
FN:161,(anonymous_4)
FN:192,(anonymous_5)
FNF:6
FNH:6
FNDA:7,(anonymous_0)
FNDA:19,(anonymous_1)
FNDA:1,(anonymous_2)
FNDA:3,(anonymous_3)
FNDA:7,(anonymous_4)
FNDA:4,(anonymous_5)
DA:3,6
DA:4,6
DA:5,6
DA:10,6
DA:12,6
DA:26,7
DA:38,7
DA:40,7
DA:42,4
DA:43,4
DA:44,3
DA:45,3
DA:49,4
DA:67,19
DA:74,19
DA:75,1
DA:78,18
DA:80,18
DA:93,18
DA:95,18
DA:104,1
DA:114,1
DA:126,3
DA:137,3
DA:139,3
DA:141,2
DA:162,7
DA:163,3
DA:166,7
DA:171,6
DA:173,6
DA:181,6
DA:182,6
DA:184,6
DA:186,5
DA:187,5
DA:193,4
DA:200,4
DA:202,4
DA:206,6
LF:40
LH:40
BRDA:40,0,0,4
BRDA:40,0,1,3
BRDA:43,1,0,3
BRDA:43,1,1,1
BRDA:74,2,0,1
BRDA:74,2,1,18
BRDA:139,3,0,1
BRDA:139,3,1,2
BRDA:162,4,0,3
BRDA:162,4,1,4
BRDA:184,5,0,1
BRDA:184,5,1,5
BRDA:202,6,0,1
BRDA:202,6,1,3
BRF:14
BRH:14
end_of_record
TN:
SF:routes/_testCommon.js
FN:9,commonBeforeAll
FN:81,commonBeforeEach
FN:85,commonAfterEach
FN:89,commonAfterAll
FNF:4
FNH:4
FNDA:4,commonBeforeAll
FNDA:68,commonBeforeEach
FNDA:68,commonAfterEach
FNDA:4,commonAfterAll
DA:3,4
DA:4,4
DA:5,4
DA:6,4
DA:7,4
DA:11,4
DA:13,4
DA:15,4
DA:22,4
DA:29,4
DA:37,4
DA:45,4
DA:53,4
DA:61,4
DA:67,4
DA:73,4
DA:82,68
DA:86,68
DA:90,4
DA:93,4
DA:94,4
DA:96,4
LF:22
LH:22
BRF:0
BRH:0
end_of_record
TN:
SF:routes/auth.js
FN:22,(anonymous_0)
FN:26,(anonymous_1)
FN:48,(anonymous_2)
FN:52,(anonymous_3)
FNF:4
FNH:4
FNDA:5,(anonymous_0)
FNDA:2,(anonymous_1)
FNDA:3,(anonymous_2)
FNDA:5,(anonymous_3)
DA:5,5
DA:7,5
DA:8,5
DA:9,5
DA:10,5
DA:11,5
DA:12,5
DA:13,5
DA:22,5
DA:23,5
DA:24,5
DA:25,5
DA:26,2
DA:27,2
DA:30,3
DA:31,3
DA:32,1
DA:33,1
DA:35,4
DA:48,5
DA:49,3
DA:50,3
DA:51,3
DA:52,5
DA:53,2
DA:56,1
DA:57,1
DA:58,1
DA:60,2
DA:64,5
LF:30
LH:30
BRDA:25,0,0,2
BRDA:25,0,1,3
BRDA:51,1,0,2
BRDA:51,1,1,1
BRF:4
BRH:4
end_of_record
TN:
SF:routes/companies.js
FN:26,(anonymous_0)
FN:30,(anonymous_1)
FN:52,(anonymous_2)
FN:75,(anonymous_3)
FN:95,(anonymous_4)
FN:99,(anonymous_5)
FN:115,(anonymous_6)
FNF:7
FNH:7
FNDA:3,(anonymous_0)
FNDA:3,(anonymous_1)
FNDA:7,(anonymous_2)
FNDA:3,(anonymous_3)
FNDA:4,(anonymous_4)
FNDA:2,(anonymous_5)
FNDA:2,(anonymous_6)
DA:5,5
DA:6,5
DA:8,5
DA:9,5
DA:10,5
DA:12,5
DA:13,5
DA:15,5
DA:26,5
DA:27,3
DA:28,3
DA:29,3
DA:30,3
DA:31,2
DA:34,1
DA:35,1
DA:37,2
DA:52,5
DA:53,7
DA:54,7
DA:55,7
DA:56,5
DA:57,4
DA:60,2
DA:61,1
DA:63,2
DA:75,5
DA:76,3
DA:77,3
DA:78,2
DA:80,1
DA:95,5
DA:96,4
DA:97,4
DA:98,4
DA:99,2
DA:100,2
DA:103,2
DA:104,1
DA:106,3
DA:115,5
DA:116,2
DA:117,2
DA:118,1
DA:120,1
DA:124,5
LF:46
LH:46
BRDA:29,0,0,2
BRDA:29,0,1,1
BRDA:55,1,0,5
BRDA:55,1,1,2
BRDA:98,2,0,2
BRDA:98,2,1,2
BRF:6
BRH:6
end_of_record
TN:
SF:routes/jobs.js
FN:26,(anonymous_0)
FN:30,(anonymous_1)
FN:52,(anonymous_2)
FN:74,(anonymous_3)
FN:94,(anonymous_4)
FN:98,(anonymous_5)
FN:114,(anonymous_6)
FNF:7
FNH:6
FNDA:3,(anonymous_0)
FNDA:3,(anonymous_1)
FNDA:4,(anonymous_2)
FNDA:1,(anonymous_3)
FNDA:1,(anonymous_4)
FNDA:0,(anonymous_5)
FNDA:1,(anonymous_6)
DA:5,5
DA:6,5
DA:8,5
DA:9,5
DA:10,5
DA:12,5
DA:13,5
DA:15,5
DA:26,5
DA:27,3
DA:28,3
DA:29,3
DA:30,3
DA:31,2
DA:34,1
DA:35,1
DA:37,2
DA:52,5
DA:53,4
DA:54,4
DA:55,4
DA:56,3
DA:57,3
DA:60,1
DA:61,1
DA:63,0
DA:74,5
DA:75,1
DA:76,1
DA:77,1
DA:79,0
DA:94,5
DA:95,1
DA:96,1
DA:97,1
DA:98,0
DA:99,0
DA:102,1
DA:103,1
DA:105,0
DA:114,5
DA:115,1
DA:116,1
DA:117,1
DA:119,0
DA:123,5
LF:46
LH:40
BRDA:29,0,0,2
BRDA:29,0,1,1
BRDA:55,1,0,3
BRDA:55,1,1,1
BRDA:97,2,0,0
BRDA:97,2,1,1
BRF:6
BRH:5
end_of_record
TN:
SF:routes/users.js
FN:29,(anonymous_0)
FN:33,(anonymous_1)
FN:52,(anonymous_2)
FN:71,(anonymous_3)
FN:94,(anonymous_4)
FN:98,(anonymous_5)
FN:118,(anonymous_6)
FNF:7
FNH:5
FNDA:2,(anonymous_0)
FNDA:0,(anonymous_1)
FNDA:0,(anonymous_2)
FNDA:1,(anonymous_3)
FNDA:4,(anonymous_4)
FNDA:1,(anonymous_5)
FNDA:2,(anonymous_6)
DA:5,5
DA:7,5
DA:8,5
DA:9,5
DA:10,5
DA:11,5
DA:12,5
DA:13,5
DA:15,5
DA:29,5
DA:30,2
DA:31,2
DA:32,2
DA:33,0
DA:34,0
DA:37,2
DA:38,2
DA:39,2
DA:41,0
DA:52,5
DA:53,0
DA:54,0
DA:55,0
DA:57,0
DA:68,5
DA:72,1
DA:73,1
DA:74,1
DA:76,0
DA:91,5
DA:95,4
DA:96,4
DA:97,4
DA:98,1
DA:99,1
DA:102,3
DA:103,3
DA:105,1
DA:115,5
DA:119,2
DA:120,2
DA:121,2
DA:123,0
DA:128,5
LF:44
LH:35
BRDA:32,0,0,0
BRDA:32,0,1,2
BRDA:97,1,0,1
BRDA:97,1,1,3
BRF:4
BRH:3
end_of_record
