TN:
SF:config.js
FN:13,getDatabaseUri
FNF:1
FNH:1
FNDA:2,getDatabaseUri
DA:5,1
DA:6,1
DA:8,1
DA:10,1
DA:14,2
DA:22,1
DA:24,1
DA:25,1
DA:26,1
DA:27,1
DA:28,1
DA:29,1
DA:31,1
LF:13
LH:13
BRDA:8,0,0,1
BRDA:8,0,1,1
BRDA:10,1,0,1
BRDA:10,1,1,1
BRDA:14,2,0,2
BRDA:14,2,1,0
BRDA:16,3,0,0
BRDA:16,3,1,0
BRDA:22,4,0,1
BRDA:22,4,1,0
BRF:10
BRH:6
end_of_record
TN:
SF:db.js
FNF:0
FNH:0
DA:3,1
DA:4,1
DA:8,1
DA:9,0
DA:16,1
DA:21,1
DA:23,1
LF:7
LH:6
BRDA:8,0,0,0
BRDA:8,0,1,1
BRF:2
BRH:1
end_of_record
TN:
SF:expressError.js
FN:8,(anonymous_0)
FN:18,(anonymous_1)
FN:26,(anonymous_2)
FN:34,(anonymous_3)
FN:42,(anonymous_4)
FNF:5
FNH:0
FNDA:0,(anonymous_0)
FNDA:0,(anonymous_1)
FNDA:0,(anonymous_2)
FNDA:0,(anonymous_3)
FNDA:0,(anonymous_4)
DA:9,0
DA:10,0
DA:11,0
DA:19,0
DA:27,0
DA:35,0
DA:43,0
DA:47,1
LF:8
LH:1
BRDA:18,0,0,0
BRDA:26,1,0,0
BRDA:34,2,0,0
BRDA:42,3,0,0
BRF:4
BRH:0
end_of_record
TN:
SF:helpers/sql.js
FN:9,sqlForPartialUpdate
FN:15,(anonymous_1)
FNF:2
FNH:2
FNDA:3,sqlForPartialUpdate
FNDA:3,(anonymous_1)
DA:1,1
DA:10,3
DA:11,3
DA:14,3
DA:15,3
DA:18,3
DA:24,1
LF:7
LH:7
BRDA:11,0,0,0
BRDA:11,0,1,3
BRDA:15,1,0,3
BRDA:15,1,1,0
BRF:4
BRH:2
end_of_record
TN:
SF:models/_testCommon.js
FN:6,commonBeforeAll
FN:39,commonBeforeEach
FN:43,commonAfterEach
FN:47,commonAfterAll
FNF:4
FNH:4
FNDA:1,commonBeforeAll
FNDA:10,commonBeforeEach
FNDA:10,commonAfterEach
FNDA:1,commonAfterAll
DA:1,1
DA:3,1
DA:4,1
DA:8,1
DA:10,1
DA:12,1
DA:18,1
DA:33,1
DA:40,10
DA:44,10
DA:48,1
DA:51,1
LF:12
LH:12
BRF:0
BRH:0
end_of_record
TN:
SF:models/job.js
FN:22,(anonymous_0)
FN:40,(anonymous_1)
FN:57,(anonymous_2)
FN:84,(anonymous_3)
FN:114,(anonymous_4)
FN:127,(anonymous_5)
FN:136,(anonymous_6)
FNF:7
FNH:7
FNDA:1,(anonymous_0)
FNDA:1,(anonymous_1)
FNDA:1,(anonymous_2)
FNDA:3,(anonymous_3)
FNDA:1,(anonymous_4)
FNDA:3,(anonymous_5)
FNDA:3,(anonymous_6)
DA:3,1
DA:8,1
DA:9,1
DA:23,1
DA:30,1
DA:32,1
DA:41,1
DA:46,1
DA:58,1
DA:65,1
DA:67,1
DA:69,1
DA:85,3
DA:90,3
DA:92,3
DA:101,3
DA:102,3
DA:104,3
DA:106,3
DA:115,1
DA:122,1
DA:124,1
DA:129,3
DA:132,3
DA:136,3
DA:137,3
DA:138,3
DA:139,1
DA:140,2
DA:141,1
DA:143,1
DA:149,3
DA:150,3
DA:153,3
DA:157,1
LF:35
LH:35
BRDA:67,0,0,0
BRDA:67,0,1,1
BRDA:104,1,0,0
BRDA:104,1,1,3
BRDA:124,2,0,0
BRDA:124,2,1,1
BRDA:137,3,0,3
BRDA:137,3,1,0
BRDA:138,4,0,1
BRDA:138,4,1,2
BRDA:140,5,0,1
BRDA:140,5,1,1
BRF:12
BRH:8
end_of_record
